TN:
SF:app\index.js
FNF:0
FNH:0
DA:1,1
DA:2,1
DA:3,1
DA:4,1
DA:5,1
DA:6,1
DA:7,1
DA:8,1
DA:9,1
DA:10,1
DA:11,1
DA:12,1
DA:13,1
DA:14,1
DA:15,1
DA:16,1
LF:16
LH:16
BRF:0
BRH:0
end_of_record
TN:
SF:app\router.js
FN:19,apply
FNF:1
FNH:1
FNDA:2,apply
DA:1,1
DA:2,1
DA:3,1
DA:4,1
DA:5,1
DA:6,1
DA:7,1
DA:8,1
DA:9,1
DA:10,1
DA:11,1
DA:12,1
DA:13,1
DA:14,1
DA:15,1
DA:16,1
DA:17,1
DA:18,1
DA:19,2
DA:20,2
DA:21,2
DA:22,2
DA:23,2
DA:24,2
DA:25,2
DA:26,2
DA:27,2
DA:28,2
DA:29,2
DA:30,2
DA:31,2
DA:32,2
DA:33,2
DA:34,2
DA:35,2
DA:36,2
DA:37,2
DA:38,2
DA:39,2
DA:40,2
DA:41,2
DA:42,2
DA:43,2
DA:44,2
DA:45,2
DA:46,2
DA:47,2
DA:48,1
DA:49,1
DA:50,1
LF:50
LH:50
BRDA:19,0,0,2
BRF:1
BRH:1
end_of_record
TN:
SF:app\controllers\ApplicationController.js
FN:4,<instance_members_initializer>
FN:4,handleGetRoot
FN:11,handleNotFound
FN:23,handleError
FN:33,getOffsetFromRequest
FN:39,buildPaginationObject
FNF:6
FNH:3
FNDA:6,<instance_members_initializer>
FNDA:0,handleGetRoot
FNDA:0,handleNotFound
FNDA:0,handleError
FNDA:2,getOffsetFromRequest
FNDA:1,buildPaginationObject
DA:1,1
DA:2,1
DA:3,1
DA:4,1
DA:5,0
DA:6,0
DA:7,0
DA:8,0
DA:9,0
DA:10,6
DA:11,6
DA:12,0
DA:13,0
DA:14,0
DA:15,0
DA:16,0
DA:17,0
DA:18,0
DA:19,0
DA:20,0
DA:21,0
DA:22,6
DA:23,6
DA:24,0
DA:25,0
DA:26,0
DA:27,0
DA:28,0
DA:29,0
DA:30,0
DA:31,1
DA:32,1
DA:33,1
DA:34,2
DA:35,2
DA:36,2
DA:37,2
DA:38,1
DA:39,1
DA:40,1
DA:41,1
DA:42,1
DA:43,1
DA:44,1
DA:45,1
DA:46,1
DA:47,1
DA:48,1
DA:49,1
DA:50,1
DA:51,1
LF:51
LH:29
BRDA:4,0,0,6
BRDA:33,1,0,2
BRDA:39,2,0,1
BRF:3
BRH:3
end_of_record
TN:
SF:app\controllers\AuthenticationController.js
FN:12,AuthenticationController
FN:20,<instance_members_initializer>
FN:26,authorize
FN:48,handleLogin
FN:81,handleRegister
FN:115,handleGetUser
FN:135,createTokenFromUser
FN:151,decodeToken
FN:155,encryptPassword
FN:159,verifyPassword
FNF:10
FNH:10
FNDA:2,AuthenticationController
FNDA:2,<instance_members_initializer>
FNDA:10,authorize
FNDA:3,handleLogin
FNDA:2,handleRegister
FNDA:1,handleGetUser
FNDA:2,createTokenFromUser
FNDA:13,decodeToken
FNDA:1,encryptPassword
FNDA:2,verifyPassword
DA:1,1
DA:2,1
DA:3,1
DA:4,1
DA:5,1
DA:6,1
DA:7,1
DA:8,1
DA:9,1
DA:10,1
DA:11,1
DA:12,1
DA:13,2
DA:14,2
DA:15,2
DA:16,2
DA:17,2
DA:18,2
DA:19,1
DA:20,1
DA:21,2
DA:22,2
DA:23,2
DA:24,2
DA:25,2
DA:26,2
DA:27,10
DA:28,13
DA:29,13
DA:30,13
DA:31,13
DA:32,13
DA:33,6
DA:34,6
DA:35,6
DA:36,12
DA:37,7
DA:38,7
DA:39,7
DA:40,7
DA:41,7
DA:42,7
DA:43,7
DA:44,7
DA:45,10
DA:46,2
DA:47,2
DA:48,2
DA:49,3
DA:50,3
DA:51,3
DA:52,3
DA:53,3
DA:54,3
DA:55,3
DA:56,3
DA:57,3
DA:58,1
DA:59,1
DA:60,1
DA:61,1
DA:62,2
DA:63,2
DA:64,2
DA:65,3
DA:66,1
DA:67,1
DA:68,1
DA:69,1
DA:70,1
DA:71,1
DA:72,1
DA:73,1
DA:74,1
DA:75,1
DA:76,3
DA:77,0
DA:78,0
DA:79,2
DA:80,2
DA:81,2
DA:82,2
DA:83,2
DA:84,2
DA:85,2
DA:86,2
DA:87,2
DA:88,2
DA:89,1
DA:90,1
DA:91,1
DA:92,1
DA:93,1
DA:94,1
DA:95,1
DA:96,1
DA:97,1
DA:98,1
DA:99,1
DA:100,1
DA:101,1
DA:102,1
DA:103,1
DA:104,1
DA:105,1
DA:106,1
DA:107,1
DA:108,1
DA:109,1
DA:110,2
DA:111,0
DA:112,0
DA:113,2
DA:114,2
DA:115,2
DA:116,1
DA:117,1
DA:118,1
DA:119,0
DA:120,0
DA:121,0
DA:122,0
DA:123,1
DA:124,1
DA:125,1
DA:126,1
DA:127,0
DA:128,0
DA:129,0
DA:130,0
DA:131,1
DA:132,1
DA:133,2
DA:134,2
DA:135,2
DA:136,2
DA:137,2
DA:138,2
DA:139,2
DA:140,2
DA:141,2
DA:142,2
DA:143,2
DA:144,2
DA:145,2
DA:146,2
DA:147,2
DA:148,2
DA:149,2
DA:150,2
DA:151,2
DA:152,13
DA:153,13
DA:154,2
DA:155,2
DA:156,1
DA:157,2
DA:158,2
DA:159,2
DA:160,2
DA:161,1
DA:162,1
DA:163,1
DA:164,1
LF:164
LH:152
BRDA:12,0,0,2
BRDA:20,1,0,2
BRDA:26,2,0,10
BRDA:27,3,0,13
BRDA:29,4,0,9
BRDA:32,5,0,9
BRDA:32,6,0,3
BRDA:32,7,0,12
BRDA:32,8,0,6
BRDA:36,9,0,7
BRDA:41,10,0,4
BRDA:48,11,0,3
BRDA:57,12,0,1
BRDA:61,13,0,2
BRDA:65,14,0,1
BRDA:76,15,0,0
BRDA:81,16,0,2
BRDA:88,17,0,1
BRDA:110,18,0,0
BRDA:115,19,0,1
BRDA:118,20,0,0
BRDA:126,21,0,0
BRDA:135,22,0,2
BRDA:151,23,0,13
BRDA:155,24,0,1
BRDA:159,25,0,2
BRF:26
BRH:22
end_of_record
TN:
SF:app\controllers\CarController.js
FN:6,CarController
FN:13,<instance_members_initializer>
FN:13,handleListCars
FN:29,handleGetCar
FN:41,handleCreateCar
FN:64,handleRentCar
FN:108,handleUpdateCar
FN:139,handleDeleteCar
FN:171,getCarFromRequest
FN:177,getListQueryFromRequest
FNF:10
FNH:9
FNDA:2,CarController
FNDA:2,<instance_members_initializer>
FNDA:1,handleListCars
FNDA:2,handleGetCar
FNDA:1,handleCreateCar
FNDA:0,handleRentCar
FNDA:2,handleUpdateCar
FNDA:2,handleDeleteCar
FNDA:6,getCarFromRequest
FNDA:1,getListQueryFromRequest
DA:1,1
DA:2,1
DA:3,1
DA:4,1
DA:5,1
DA:6,1
DA:7,2
DA:8,2
DA:9,2
DA:10,2
DA:11,2
DA:12,1
DA:13,1
DA:14,1
DA:15,1
DA:16,1
DA:17,1
DA:18,1
DA:19,1
DA:20,1
DA:21,1
DA:22,1
DA:23,1
DA:24,1
DA:25,1
DA:26,1
DA:27,2
DA:28,2
DA:29,2
DA:30,2
DA:31,2
DA:32,2
DA:33,1
DA:34,1
DA:35,1
DA:36,1
DA:37,1
DA:38,1
DA:39,2
DA:40,2
DA:41,2
DA:42,1
DA:43,1
DA:44,1
DA:45,1
DA:46,1
DA:47,1
DA:48,1
DA:49,1
DA:50,1
DA:51,1
DA:52,1
DA:53,1
DA:54,1
DA:55,0
DA:56,0
DA:57,0
DA:58,0
DA:59,0
DA:60,0
DA:61,0
DA:62,2
DA:63,2
DA:64,2
DA:65,0
DA:66,0
DA:67,0
DA:68,0
DA:69,0
DA:70,0
DA:71,0
DA:72,0
DA:73,0
DA:74,0
DA:75,0
DA:76,0
DA:77,0
DA:78,0
DA:79,0
DA:80,0
DA:81,0
DA:82,0
DA:83,0
DA:84,0
DA:85,0
DA:86,0
DA:87,0
DA:88,0
DA:89,0
DA:90,0
DA:91,0
DA:92,0
DA:93,0
DA:94,0
DA:95,0
DA:96,0
DA:97,0
DA:98,0
DA:99,0
DA:100,0
DA:101,0
DA:102,0
DA:103,0
DA:104,0
DA:105,0
DA:106,2
DA:107,2
DA:108,2
DA:109,2
DA:110,2
DA:111,2
DA:112,2
DA:113,2
DA:114,2
DA:115,1
DA:116,1
DA:117,1
DA:118,1
DA:119,1
DA:120,1
DA:121,1
DA:122,1
DA:123,1
DA:124,1
DA:125,1
DA:126,1
DA:127,1
DA:128,1
DA:129,2
DA:130,0
DA:131,0
DA:132,0
DA:133,0
DA:134,0
DA:135,0
DA:136,0
DA:137,2
DA:138,2
DA:139,2
DA:140,2
DA:141,2
DA:142,2
DA:143,2
DA:144,2
DA:145,2
DA:146,2
DA:147,2
DA:148,2
DA:149,2
DA:150,1
DA:151,1
DA:152,1
DA:153,1
DA:154,1
DA:155,1
DA:156,1
DA:157,1
DA:158,1
DA:159,1
DA:160,1
DA:161,2
DA:162,0
DA:163,0
DA:164,0
DA:165,0
DA:166,0
DA:167,0
DA:168,0
DA:169,2
DA:170,2
DA:171,2
DA:172,6
DA:173,6
DA:174,6
DA:175,1
DA:176,1
DA:177,1
DA:178,1
DA:179,1
DA:180,1
DA:181,1
DA:182,1
DA:183,1
DA:184,1
DA:185,1
DA:186,1
DA:187,1
DA:188,1
DA:189,1
DA:190,0
DA:191,0
DA:192,0
DA:193,0
DA:194,0
DA:195,0
DA:196,1
DA:197,1
DA:198,1
DA:199,1
DA:200,1
DA:201,1
DA:202,1
DA:203,1
DA:204,1
DA:205,1
DA:206,1
DA:207,1
DA:208,1
LF:208
LH:140
BRDA:6,0,0,2
BRDA:13,1,0,2
BRDA:13,2,0,1
BRDA:29,3,0,2
BRDA:32,4,0,1
BRDA:41,5,0,1
BRDA:54,6,0,0
BRDA:108,7,0,2
BRDA:114,8,0,1
BRDA:129,9,0,0
BRDA:139,10,0,2
BRDA:149,11,0,1
BRDA:161,12,0,0
BRDA:171,13,0,6
BRDA:177,14,0,1
BRDA:188,15,0,0
BRDA:189,16,0,0
BRF:17
BRH:12
end_of_record
TN:
SF:app\controllers\index.js
FNF:0
FNH:0
DA:1,1
DA:2,1
DA:3,1
DA:4,1
DA:5,1
DA:6,1
DA:7,1
DA:8,1
DA:9,1
LF:9
LH:9
BRF:0
BRH:0
end_of_record
TN:
SF:app\errors\ApplicationError.js
FN:2,get details
FN:6,toJSON
FNF:2
FNH:2
FNDA:5,get details
FNDA:7,toJSON
DA:1,1
DA:2,1
DA:3,5
DA:4,5
DA:5,1
DA:6,1
DA:7,7
DA:8,7
DA:9,7
DA:10,7
DA:11,7
DA:12,7
DA:13,7
DA:14,7
DA:15,1
DA:16,1
DA:17,1
LF:17
LH:17
BRDA:2,0,0,5
BRDA:6,1,0,7
BRF:2
BRH:2
end_of_record
TN:
SF:app\errors\CarAlreadyRentedError.js
FN:4,CarAlreadyRentedError
FN:8,get details
FNF:2
FNH:0
FNDA:0,CarAlreadyRentedError
FNDA:0,get details
DA:1,1
DA:2,1
DA:3,1
DA:4,1
DA:5,0
DA:6,0
DA:7,1
DA:8,1
DA:9,0
DA:10,0
DA:11,1
DA:12,1
DA:13,1
LF:13
LH:9
BRF:0
BRH:0
end_of_record
TN:
SF:app\errors\EmailAlreadyTakenError.js
FN:4,EmailAlreadyTakenError
FNF:1
FNH:1
FNDA:2,EmailAlreadyTakenError
DA:1,1
DA:2,1
DA:3,1
DA:4,1
DA:5,2
DA:6,2
DA:7,1
DA:8,1
DA:9,1
LF:9
LH:9
BRDA:4,0,0,2
BRF:1
BRH:1
end_of_record
TN:
SF:app\errors\EmailNotRegisteredError.js
FN:4,EmailNotRegisteredError
FN:9,get details
FNF:2
FNH:2
FNDA:2,EmailNotRegisteredError
FNDA:2,get details
DA:1,1
DA:2,1
DA:3,1
DA:4,1
DA:5,2
DA:6,2
DA:7,2
DA:8,1
DA:9,1
DA:10,2
DA:11,2
DA:12,1
DA:13,1
DA:14,1
LF:14
LH:14
BRDA:4,0,0,2
BRDA:9,1,0,2
BRF:2
BRH:2
end_of_record
TN:
SF:app\errors\InsufficientAccessError.js
FN:4,InsufficientAccessError
FN:9,get details
FNF:2
FNH:2
FNDA:4,InsufficientAccessError
FNDA:6,get details
DA:1,1
DA:2,1
DA:3,1
DA:4,1
DA:5,4
DA:6,4
DA:7,4
DA:8,1
DA:9,1
DA:10,6
DA:11,6
DA:12,6
DA:13,6
DA:14,6
DA:15,1
DA:16,1
DA:17,1
LF:17
LH:17
BRDA:4,0,0,4
BRDA:9,1,0,6
BRF:2
BRH:2
end_of_record
TN:
SF:app\errors\NotFoundError.js
FN:4,NotFoundError
FN:10,get details
FNF:2
FNH:0
FNDA:0,NotFoundError
FNDA:0,get details
DA:1,1
DA:2,1
DA:3,1
DA:4,1
DA:5,0
DA:6,0
DA:7,0
DA:8,0
DA:9,1
DA:10,1
DA:11,0
DA:12,0
DA:13,0
DA:14,0
DA:15,0
DA:16,1
DA:17,1
DA:18,1
LF:18
LH:9
BRF:0
BRH:0
end_of_record
TN:
SF:app\errors\RecordNotFoundError.js
FN:4,RecordNotFoundError
FNF:1
FNH:1
FNDA:7,RecordNotFoundError
DA:1,1
DA:2,1
DA:3,1
DA:4,1
DA:5,7
DA:6,7
DA:7,1
DA:8,1
DA:9,1
LF:9
LH:9
BRDA:4,0,0,7
BRF:1
BRH:1
end_of_record
TN:
SF:app\errors\WrongPasswordError.js
FN:4,WrongPasswordError
FNF:1
FNH:1
FNDA:2,WrongPasswordError
DA:1,1
DA:2,1
DA:3,1
DA:4,1
DA:5,2
DA:6,2
DA:7,1
DA:8,1
DA:9,1
LF:9
LH:9
BRDA:4,0,0,2
BRF:1
BRH:1
end_of_record
TN:
SF:app\errors\index.js
FNF:0
FNH:0
DA:1,1
DA:2,1
DA:3,1
DA:4,1
DA:5,1
DA:6,1
DA:7,1
DA:8,1
DA:9,1
DA:10,1
DA:11,1
DA:12,1
DA:13,1
DA:14,1
DA:15,1
DA:16,1
DA:17,1
LF:17
LH:17
BRF:0
BRH:0
end_of_record
TN:
SF:app\models\car.js
FN:5,Object.<anonymous>.module.exports
FN:12,associate
FNF:2
FNH:2
FNDA:2,Object.<anonymous>.module.exports
FNDA:2,associate
DA:1,1
DA:2,1
DA:3,1
DA:4,1
DA:5,1
DA:6,2
DA:7,2
DA:8,2
DA:9,2
DA:10,2
DA:11,2
DA:12,2
DA:13,2
DA:14,2
DA:15,2
DA:16,2
DA:17,2
DA:18,2
DA:19,2
DA:20,2
DA:21,2
DA:22,2
DA:23,2
DA:24,2
DA:25,2
DA:26,2
DA:27,2
DA:28,2
DA:29,2
DA:30,2
DA:31,2
DA:32,2
DA:33,2
DA:34,2
DA:35,2
DA:36,2
DA:37,2
DA:38,2
DA:39,2
DA:40,2
DA:41,2
DA:42,2
DA:43,2
DA:44,2
LF:44
LH:44
BRDA:5,0,0,2
BRDA:12,1,0,2
BRF:2
BRH:2
end_of_record
TN:
SF:app\models\index.js
FNF:0
FNH:0
DA:1,1
DA:2,1
DA:3,1
DA:4,1
DA:5,1
DA:6,1
DA:7,1
DA:8,1
DA:9,1
DA:10,1
DA:11,1
DA:12,1
DA:13,0
DA:14,1
DA:15,1
DA:16,1
DA:17,1
DA:18,1
DA:19,1
DA:20,1
DA:21,10
DA:22,10
DA:23,1
DA:24,8
DA:25,8
DA:26,1
DA:27,1
DA:28,1
DA:29,8
DA:30,8
DA:31,8
DA:32,1
DA:33,1
DA:34,1
DA:35,1
DA:36,1
DA:37,1
LF:37
LH:36
BRDA:7,0,0,0
BRDA:12,1,0,0
BRDA:20,2,0,10
BRDA:21,3,0,8
BRDA:23,4,0,8
BRDA:28,5,0,8
BRF:6
BRH:4
end_of_record
TN:
SF:app\models\role.js
FN:5,Object.<anonymous>.module.exports
FN:12,associate
FNF:2
FNH:2
FNDA:2,Object.<anonymous>.module.exports
FNDA:2,associate
DA:1,1
DA:2,1
DA:3,1
DA:4,1
DA:5,1
DA:6,2
DA:7,2
DA:8,2
DA:9,2
DA:10,2
DA:11,2
DA:12,2
DA:13,2
DA:14,2
DA:15,2
DA:16,2
DA:17,2
DA:18,2
DA:19,2
DA:20,2
DA:21,2
DA:22,2
DA:23,2
LF:23
LH:23
BRDA:5,0,0,2
BRDA:12,1,0,2
BRF:2
BRH:2
end_of_record
TN:
SF:app\models\user.js
FN:5,Object.<anonymous>.module.exports
FN:12,associate
FN:18,toJSON
FNF:3
FNH:3
FNDA:2,Object.<anonymous>.module.exports
FNDA:2,associate
FNDA:1,toJSON
DA:1,1
DA:2,1
DA:3,1
DA:4,1
DA:5,1
DA:6,2
DA:7,2
DA:8,2
DA:9,2
DA:10,2
DA:11,2
DA:12,2
DA:13,2
DA:14,2
DA:15,2
DA:16,2
DA:17,2
DA:18,2
DA:19,1
DA:20,1
DA:21,1
DA:22,1
DA:23,1
DA:24,1
DA:25,1
DA:26,1
DA:27,1
DA:28,2
DA:29,2
DA:30,2
DA:31,2
DA:32,2
DA:33,2
DA:34,2
DA:35,2
DA:36,2
DA:37,2
DA:38,2
DA:39,2
DA:40,2
LF:40
LH:40
BRDA:5,0,0,2
BRDA:12,1,0,2
BRDA:18,2,0,1
BRF:3
BRH:3
end_of_record
TN:
SF:app\models\usercar.js
FN:5,Object.<anonymous>.module.exports
FN:12,associate
FNF:2
FNH:2
FNDA:2,Object.<anonymous>.module.exports
FNDA:2,associate
DA:1,1
DA:2,1
DA:3,1
DA:4,1
DA:5,1
DA:6,2
DA:7,2
DA:8,2
DA:9,2
DA:10,2
DA:11,2
DA:12,2
DA:13,2
DA:14,2
DA:15,2
DA:16,2
DA:17,2
DA:18,2
DA:19,2
DA:20,2
DA:21,2
DA:22,2
DA:23,2
DA:24,2
DA:25,2
DA:26,2
DA:27,2
DA:28,2
DA:29,2
DA:30,2
DA:31,2
DA:32,2
LF:32
LH:32
BRDA:5,0,0,2
BRDA:12,1,0,2
BRF:2
BRH:2
end_of_record
TN:
SF:config\application.js
FNF:0
FNH:0
DA:1,1
DA:2,1
DA:3,1
DA:4,1
DA:5,1
LF:5
LH:5
BRDA:4,0,0,0
BRF:1
BRH:0
end_of_record
TN:
SF:config\database.js
FNF:0
FNH:0
DA:1,1
DA:2,1
DA:3,1
DA:4,1
DA:5,1
DA:6,1
DA:7,1
DA:8,1
DA:9,1
DA:10,1
DA:11,1
DA:12,1
DA:13,1
DA:14,1
DA:15,1
DA:16,1
DA:17,1
DA:18,1
DA:19,1
DA:20,1
DA:21,1
DA:22,1
DA:23,1
DA:24,1
DA:25,1
DA:26,1
DA:27,1
DA:28,1
DA:29,1
DA:30,1
DA:31,1
DA:32,1
DA:33,1
DA:34,1
LF:34
LH:34
BRF:0
BRH:0
end_of_record
